Using pre-set license
Built from '2020.3/staging' branch; Version is '2020.3.20f1 (41c4e627c95f) revision 4310246'; Using compiler version '192528614'; Build Type 'Release'
OS: 'Windows 10 Home; OS build 22000.856; Version 2009; 64bit' Language: 'pl' Physical Memory: 16332 MB
BatchMode: 1, IsHumanControllingUs: 0, StartBugReporterOnCrash: 0, Is64bit: 1, IsPro: 0

COMMAND LINE ARGUMENTS:
E:\Aplikacje\Unity\2020.3.20f1\Editor\Unity.exe
-adb2
-batchMode
-noUpm
-name
AssetImportWorker0
-projectPath
C:/Users/jsola/Documents/symulacja/SYMULACJA
-logFile
Logs/AssetImportWorker0.log
-srvPort
51976
Successfully changed project path to: C:/Users/jsola/Documents/symulacja/SYMULACJA
C:/Users/jsola/Documents/symulacja/SYMULACJA
Using Asset Import Pipeline V2.
Refreshing native plugins compatible for Editor in 34.25 ms, found 2 plugins.
Preloading 0 native plugins for Editor in 0.00 ms.
Initialize engine version: 2020.3.20f1 (41c4e627c95f)
[Subsystems] Discovering subsystems at path E:/Aplikacje/Unity/2020.3.20f1/Editor/Data/Resources/UnitySubsystems
[Subsystems] Discovering subsystems at path C:/Users/jsola/Documents/symulacja/SYMULACJA/Assets
GfxDevice: creating device client; threaded=0
Direct3D:
    Version:  Direct3D 11.0 [level 11.1]
    Renderer: NVIDIA GeForce RTX 3070 (ID=0x2488)
    Vendor:   
    VRAM:     8043 MB
    Driver:   31.0.15.1694
Initialize mono
Mono path[0] = 'E:/Aplikacje/Unity/2020.3.20f1/Editor/Data/Managed'
Mono path[1] = 'E:/Aplikacje/Unity/2020.3.20f1/Editor/Data/MonoBleedingEdge/lib/mono/unityjit'
Mono config path = 'E:/Aplikacje/Unity/2020.3.20f1/Editor/Data/MonoBleedingEdge/etc'
Using monoOptions --debugger-agent=transport=dt_socket,embedding=1,server=y,suspend=n,address=127.0.0.1:56164
Begin MonoManager ReloadAssembly
Registering precompiled unity dll's ...
Register platform support module: E:/Aplikacje/Unity/2020.3.20f1/Editor/Data/PlaybackEngines/WindowsStandaloneSupport/UnityEditor.WindowsStandalone.Extensions.dll
Registered in 0.001152 seconds.
Native extension for WindowsStandalone target not found
Refreshing native plugins compatible for Editor in 32.83 ms, found 2 plugins.
Preloading 0 native plugins for Editor in 0.00 ms.
Mono: successfully reloaded assembly
- Completed reload, in  1.089 seconds
Domain Reload Profiling:
	ReloadAssembly (1090ms)
		BeginReloadAssembly (57ms)
			ExecutionOrderSort (0ms)
			DisableScriptedObjects (0ms)
			BackupInstance (0ms)
			ReleaseScriptingObjects (0ms)
			CreateAndSetChildDomain (1ms)
		EndReloadAssembly (468ms)
			LoadAssemblies (56ms)
			RebuildTransferFunctionScriptingTraits (0ms)
			SetupTypeCache (173ms)
			ReleaseScriptCaches (0ms)
			RebuildScriptCaches (35ms)
			SetupLoadedEditorAssemblies (190ms)
				LogAssemblyErrors (0ms)
				InitializePlatformSupportModulesInManaged (4ms)
				SetLoadedEditorAssemblies (0ms)
				RefreshPlugins (33ms)
				BeforeProcessingInitializeOnLoad (10ms)
				ProcessInitializeOnLoadAttributes (105ms)
				ProcessInitializeOnLoadMethodAttributes (37ms)
				AfterProcessingInitializeOnLoad (0ms)
				EditorAssembliesLoaded (0ms)
			ExecutionOrderSort2 (0ms)
			AwakeInstancesAfterBackupRestoration (0ms)
Platform modules already initialized, skipping
Registering precompiled user dll's ...
Registered in 0.003706 seconds.
Begin MonoManager ReloadAssembly
Native extension for WindowsStandalone target not found
Refreshing native plugins compatible for Editor in 0.45 ms, found 2 plugins.
Preloading 0 native plugins for Editor in 0.00 ms.
Mono: successfully reloaded assembly
- Completed reload, in  1.197 seconds
Domain Reload Profiling:
	ReloadAssembly (1198ms)
		BeginReloadAssembly (175ms)
			ExecutionOrderSort (0ms)
			DisableScriptedObjects (6ms)
			BackupInstance (0ms)
			ReleaseScriptingObjects (0ms)
			CreateAndSetChildDomain (23ms)
		EndReloadAssembly (949ms)
			LoadAssemblies (100ms)
			RebuildTransferFunctionScriptingTraits (0ms)
			SetupTypeCache (302ms)
			ReleaseScriptCaches (0ms)
			RebuildScriptCaches (45ms)
			SetupLoadedEditorAssemblies (386ms)
				LogAssemblyErrors (0ms)
				InitializePlatformSupportModulesInManaged (7ms)
				SetLoadedEditorAssemblies (1ms)
				RefreshPlugins (1ms)
				BeforeProcessingInitializeOnLoad (68ms)
				ProcessInitializeOnLoadAttributes (302ms)
				ProcessInitializeOnLoadMethodAttributes (6ms)
				AfterProcessingInitializeOnLoad (3ms)
				EditorAssembliesLoaded (0ms)
			ExecutionOrderSort2 (0ms)
			AwakeInstancesAfterBackupRestoration (10ms)
Platform modules already initialized, skipping
========================================================================
Worker process is ready to serve import requests
Launched and connected shader compiler UnityShaderCompiler.exe after 0.04 seconds
Refreshing native plugins compatible for Editor in 0.34 ms, found 2 plugins.
Preloading 0 native plugins for Editor in 0.00 ms.
Unloading 1402 Unused Serialized files (Serialized files now loaded: 0)
System memory in use before: 65.6 MB.
System memory in use after: 65.6 MB.

Unloading 16 unused Assets to reduce memory usage. Loaded Objects now: 1841.
Total: 3.787400 ms (FindLiveObjects: 0.168800 ms CreateObjectMapping: 0.037000 ms MarkObjects: 3.488800 ms  DeleteObjects: 0.091100 ms)

AssetImportParameters requested are different than current active one (requested -> active):
  custom:framework-win-MediaFoundation: 216162199b28c13a410421893ffa2e32 -> 
  custom:video-decoder-ogg-theora: a1e56fd34408186e4bbccfd4996cb3dc -> 
  custom:container-muxer-webm: aa71ff27fc2769a1b78a27578f13a17b -> 
  custom:container-demuxer-webm: 4f35f7cbe854078d1ac9338744f61a02 -> 
  custom:container-demuxer-ogg: 62fdf1f143b41e24485cea50d1cbac27 -> 
  custom:video-encoder-webm-vp8: eb34c28f22e8b96e1ab97ce403110664 -> 
  custom:video-decoder-webm-vp8: 9c59270c3fd7afecdb556c50c9e8de78 -> 
  custom:audio-decoder-ogg-vorbis: bf7c407c2cedff20999df2af8eb42d56 -> 
  custom:audio-encoder-webm-vorbis: bf7c407c2cedff20999df2af8eb42d56 -> 
========================================================================
Received Import Request.
  path: Assets/Tree_Textures
  artifactKey: Guid(849c721459e86bd4d85e408c8d9a0cd1) Importer(815301076,1909f56bfc062723c751e8b465ee728b)
Start importing Assets/Tree_Textures using Guid(849c721459e86bd4d85e408c8d9a0cd1) Importer(815301076,1909f56bfc062723c751e8b465ee728b)  -> (artifact id: '0449c2221bb525506406c0b0c019452b') in 0.010872 seconds 
  Import took 0.014108 seconds .

========================================================================
Received Import Request.
  Time since last request: 19.971947 seconds.
  path: Assets/OBIEKTY/DRZEWO1.prefab
  artifactKey: Guid(7edadc7e9cacbaa4fb34545163288751) Importer(815301076,1909f56bfc062723c751e8b465ee728b)
Start importing Assets/OBIEKTY/DRZEWO1.prefab using Guid(7edadc7e9cacbaa4fb34545163288751) Importer(815301076,1909f56bfc062723c751e8b465ee728b)  -> (artifact id: 'e934b8697e753dbf8c2035501b0b78aa') in 0.146078 seconds 
  Import took 0.149199 seconds .

========================================================================
Received Import Request.
  Time since last request: 0.000224 seconds.
  path: Assets/OBIEKTY/LĄD ŁĄKA .prefab
  artifactKey: Guid(8102e13127f811443b62b4056208eabf) Importer(815301076,1909f56bfc062723c751e8b465ee728b)
Start importing Assets/OBIEKTY/LĄD ŁĄKA .prefab using Guid(8102e13127f811443b62b4056208eabf) Importer(815301076,1909f56bfc062723c751e8b465ee728b)  -> (artifact id: 'cf8d15274df6eac4e43fb04a1e2ca851') in 0.102226 seconds 
  Import took 0.113776 seconds .

========================================================================
Received Import Request.
  Time since last request: 0.000277 seconds.
  path: Assets/OBIEKTY/LĄD LAS.prefab
  artifactKey: Guid(7c7625f58128cd44cafe150d44d039f5) Importer(815301076,1909f56bfc062723c751e8b465ee728b)
Start importing Assets/OBIEKTY/LĄD LAS.prefab using Guid(7c7625f58128cd44cafe150d44d039f5) Importer(815301076,1909f56bfc062723c751e8b465ee728b)  -> (artifact id: '32c6b206407a6a68c358eb7f6229e5d8') in 0.203830 seconds 
  Import took 0.223039 seconds .

========================================================================
Received Import Request.
  Time since last request: 0.000246 seconds.
  path: Assets/OBIEKTY/LĄD LAS 2.prefab
  artifactKey: Guid(d28b559cbfb66fe45bcfc616c895bc5c) Importer(815301076,1909f56bfc062723c751e8b465ee728b)
Start importing Assets/OBIEKTY/LĄD LAS 2.prefab using Guid(d28b559cbfb66fe45bcfc616c895bc5c) Importer(815301076,1909f56bfc062723c751e8b465ee728b)  -> (artifact id: '5acde9d7d0553191e99e5e0c688c116b') in 0.285034 seconds 
  Import took 0.315285 seconds .

========================================================================
Received Import Request.
  Time since last request: 3.140171 seconds.
  path: Assets/OBIEKTY/DRZEWO1.prefab
  artifactKey: Guid(7edadc7e9cacbaa4fb34545163288751) Importer(815301076,1909f56bfc062723c751e8b465ee728b)
Start importing Assets/OBIEKTY/DRZEWO1.prefab using Guid(7edadc7e9cacbaa4fb34545163288751) Importer(815301076,1909f56bfc062723c751e8b465ee728b)  -> (artifact id: '295262c4da11d1edb6d3a3ef56bf8dc4') in 0.017619 seconds 
  Import took 0.020545 seconds .

========================================================================
Received Import Request.
  Time since last request: 0.000223 seconds.
  path: Assets/OBIEKTY/LĄD ŁĄKA .prefab
  artifactKey: Guid(8102e13127f811443b62b4056208eabf) Importer(815301076,1909f56bfc062723c751e8b465ee728b)
Start importing Assets/OBIEKTY/LĄD ŁĄKA .prefab using Guid(8102e13127f811443b62b4056208eabf) Importer(815301076,1909f56bfc062723c751e8b465ee728b)  -> (artifact id: 'df9f093cb6820350211f1f3847254708') in 0.100669 seconds 
  Import took 0.112119 seconds .

========================================================================
Received Import Request.
  Time since last request: 0.000258 seconds.
  path: Assets/OBIEKTY/LĄD LAS.prefab
  artifactKey: Guid(7c7625f58128cd44cafe150d44d039f5) Importer(815301076,1909f56bfc062723c751e8b465ee728b)
Start importing Assets/OBIEKTY/LĄD LAS.prefab using Guid(7c7625f58128cd44cafe150d44d039f5) Importer(815301076,1909f56bfc062723c751e8b465ee728b)  -> (artifact id: '58ae6b3dd9294d6427522319cf0885cb') in 0.199338 seconds 
  Import took 0.222722 seconds .

========================================================================
Received Import Request.
  Time since last request: 0.000262 seconds.
  path: Assets/OBIEKTY/LĄD LAS 2.prefab
  artifactKey: Guid(d28b559cbfb66fe45bcfc616c895bc5c) Importer(815301076,1909f56bfc062723c751e8b465ee728b)
Start importing Assets/OBIEKTY/LĄD LAS 2.prefab using Guid(d28b559cbfb66fe45bcfc616c895bc5c) Importer(815301076,1909f56bfc062723c751e8b465ee728b)  -> (artifact id: '7e214066cb7700ddadb7239d40119241') in 0.268910 seconds 
  Import took 0.298339 seconds .

========================================================================
Received Import Request.
  Time since last request: 2.882610 seconds.
  path: Assets/OBIEKTY/DRZEWO1.prefab
  artifactKey: Guid(7edadc7e9cacbaa4fb34545163288751) Importer(815301076,1909f56bfc062723c751e8b465ee728b)
Start importing Assets/OBIEKTY/DRZEWO1.prefab using Guid(7edadc7e9cacbaa4fb34545163288751) Importer(815301076,1909f56bfc062723c751e8b465ee728b)  -> (artifact id: '55ad790b22c93b6b54091fe1a0449aa5') in 0.014122 seconds 
  Import took 0.017118 seconds .

========================================================================
Received Import Request.
  Time since last request: 0.000242 seconds.
  path: Assets/OBIEKTY/LĄD ŁĄKA .prefab
  artifactKey: Guid(8102e13127f811443b62b4056208eabf) Importer(815301076,1909f56bfc062723c751e8b465ee728b)
Start importing Assets/OBIEKTY/LĄD ŁĄKA .prefab using Guid(8102e13127f811443b62b4056208eabf) Importer(815301076,1909f56bfc062723c751e8b465ee728b)  -> (artifact id: 'df8f848a8ef0829d635fdfbb4b0fcc4f') in 0.100905 seconds 
  Import took 0.113008 seconds .

========================================================================
Received Import Request.
  Time since last request: 0.000235 seconds.
  path: Assets/OBIEKTY/LĄD LAS.prefab
  artifactKey: Guid(7c7625f58128cd44cafe150d44d039f5) Importer(815301076,1909f56bfc062723c751e8b465ee728b)
Start importing Assets/OBIEKTY/LĄD LAS.prefab using Guid(7c7625f58128cd44cafe150d44d039f5) Importer(815301076,1909f56bfc062723c751e8b465ee728b)  -> (artifact id: '28a683a2b619da2d88e52ccfefe2734c') in 0.189283 seconds 
  Import took 0.209247 seconds .

========================================================================
Received Import Request.
  Time since last request: 0.000264 seconds.
  path: Assets/OBIEKTY/LĄD LAS 2.prefab
  artifactKey: Guid(d28b559cbfb66fe45bcfc616c895bc5c) Importer(815301076,1909f56bfc062723c751e8b465ee728b)
Start importing Assets/OBIEKTY/LĄD LAS 2.prefab using Guid(d28b559cbfb66fe45bcfc616c895bc5c) Importer(815301076,1909f56bfc062723c751e8b465ee728b)  -> (artifact id: '0ce5647572c34390c6b1b35a97be3983') in 0.254689 seconds 
  Import took 0.281622 seconds .

========================================================================
Received Import Request.
  Time since last request: 3.124200 seconds.
  path: Assets/OBIEKTY/DRZEWO1.prefab
  artifactKey: Guid(7edadc7e9cacbaa4fb34545163288751) Importer(815301076,1909f56bfc062723c751e8b465ee728b)
Start importing Assets/OBIEKTY/DRZEWO1.prefab using Guid(7edadc7e9cacbaa4fb34545163288751) Importer(815301076,1909f56bfc062723c751e8b465ee728b)  -> (artifact id: 'fa05f963ba7bac51086de4ab863d66c0') in 0.015349 seconds 
  Import took 0.018697 seconds .

========================================================================
Received Import Request.
  Time since last request: 0.000264 seconds.
  path: Assets/OBIEKTY/LĄD ŁĄKA .prefab
  artifactKey: Guid(8102e13127f811443b62b4056208eabf) Importer(815301076,1909f56bfc062723c751e8b465ee728b)
Start importing Assets/OBIEKTY/LĄD ŁĄKA .prefab using Guid(8102e13127f811443b62b4056208eabf) Importer(815301076,1909f56bfc062723c751e8b465ee728b)  -> (artifact id: '763e54d4719347049e02f0ace9eda150') in 0.099755 seconds 
  Import took 0.111672 seconds .

========================================================================
Received Import Request.
  Time since last request: 0.000235 seconds.
  path: Assets/OBIEKTY/LĄD LAS.prefab
  artifactKey: Guid(7c7625f58128cd44cafe150d44d039f5) Importer(815301076,1909f56bfc062723c751e8b465ee728b)
Start importing Assets/OBIEKTY/LĄD LAS.prefab using Guid(7c7625f58128cd44cafe150d44d039f5) Importer(815301076,1909f56bfc062723c751e8b465ee728b)  -> (artifact id: '9037191cb72f89f3ea898d569021fdd1') in 0.169749 seconds 
  Import took 0.190296 seconds .

========================================================================
Received Import Request.
  Time since last request: 0.000233 seconds.
  path: Assets/OBIEKTY/LĄD LAS 2.prefab
  artifactKey: Guid(d28b559cbfb66fe45bcfc616c895bc5c) Importer(815301076,1909f56bfc062723c751e8b465ee728b)
Start importing Assets/OBIEKTY/LĄD LAS 2.prefab using Guid(d28b559cbfb66fe45bcfc616c895bc5c) Importer(815301076,1909f56bfc062723c751e8b465ee728b)  -> (artifact id: '1c4ce4a3e7c420e6f26ef80877397da7') in 0.244698 seconds 
  Import took 0.271448 seconds .

========================================================================
Received Import Request.
  Time since last request: 2.304709 seconds.
  path: Assets/OBIEKTY/DRZEWO1.prefab
  artifactKey: Guid(7edadc7e9cacbaa4fb34545163288751) Importer(815301076,1909f56bfc062723c751e8b465ee728b)
Start importing Assets/OBIEKTY/DRZEWO1.prefab using Guid(7edadc7e9cacbaa4fb34545163288751) Importer(815301076,1909f56bfc062723c751e8b465ee728b)  -> (artifact id: 'c48d2cc64d9acaf34b52ba490665df84') in 0.018165 seconds 
  Import took 0.020906 seconds .

========================================================================
Received Import Request.
  Time since last request: 0.000247 seconds.
  path: Assets/OBIEKTY/LĄD ŁĄKA .prefab
  artifactKey: Guid(8102e13127f811443b62b4056208eabf) Importer(815301076,1909f56bfc062723c751e8b465ee728b)
Start importing Assets/OBIEKTY/LĄD ŁĄKA .prefab using Guid(8102e13127f811443b62b4056208eabf) Importer(815301076,1909f56bfc062723c751e8b465ee728b)  -> (artifact id: 'efced05fe370a6955445640600a5803a') in 0.101589 seconds 
  Import took 0.113035 seconds .

========================================================================
Received Import Request.
  Time since last request: 0.000280 seconds.
  path: Assets/OBIEKTY/LĄD LAS.prefab
  artifactKey: Guid(7c7625f58128cd44cafe150d44d039f5) Importer(815301076,1909f56bfc062723c751e8b465ee728b)
Start importing Assets/OBIEKTY/LĄD LAS.prefab using Guid(7c7625f58128cd44cafe150d44d039f5) Importer(815301076,1909f56bfc062723c751e8b465ee728b)  -> (artifact id: 'e21cd520bb38eab73b52155033aabd32') in 0.165160 seconds 
  Import took 0.183201 seconds .

========================================================================
Received Import Request.
  Time since last request: 0.000215 seconds.
  path: Assets/OBIEKTY/LĄD LAS 2.prefab
  artifactKey: Guid(d28b559cbfb66fe45bcfc616c895bc5c) Importer(815301076,1909f56bfc062723c751e8b465ee728b)
Start importing Assets/OBIEKTY/LĄD LAS 2.prefab using Guid(d28b559cbfb66fe45bcfc616c895bc5c) Importer(815301076,1909f56bfc062723c751e8b465ee728b)  -> (artifact id: '8f807ee982d4f32215d2ef137dfe6a93') in 0.229327 seconds 
  Import took 0.255013 seconds .

========================================================================
Received Import Request.
  Time since last request: 4.565127 seconds.
  path: Assets/OBIEKTY/DRZEWO1.prefab
  artifactKey: Guid(7edadc7e9cacbaa4fb34545163288751) Importer(815301076,1909f56bfc062723c751e8b465ee728b)
Start importing Assets/OBIEKTY/DRZEWO1.prefab using Guid(7edadc7e9cacbaa4fb34545163288751) Importer(815301076,1909f56bfc062723c751e8b465ee728b)  -> (artifact id: '39778ce88e31800733612bc56b6fdb2a') in 0.014220 seconds 
  Import took 0.017164 seconds .

========================================================================
Received Import Request.
  Time since last request: 0.000230 seconds.
  path: Assets/OBIEKTY/LĄD ŁĄKA .prefab
  artifactKey: Guid(8102e13127f811443b62b4056208eabf) Importer(815301076,1909f56bfc062723c751e8b465ee728b)
Start importing Assets/OBIEKTY/LĄD ŁĄKA .prefab using Guid(8102e13127f811443b62b4056208eabf) Importer(815301076,1909f56bfc062723c751e8b465ee728b)  -> (artifact id: '0530e37e2e6fc5c549e3725badc50564') in 0.089131 seconds 
  Import took 0.099688 seconds .

========================================================================
Received Import Request.
  Time since last request: 0.000204 seconds.
  path: Assets/OBIEKTY/LĄD LAS.prefab
  artifactKey: Guid(7c7625f58128cd44cafe150d44d039f5) Importer(815301076,1909f56bfc062723c751e8b465ee728b)
Start importing Assets/OBIEKTY/LĄD LAS.prefab using Guid(7c7625f58128cd44cafe150d44d039f5) Importer(815301076,1909f56bfc062723c751e8b465ee728b)  -> (artifact id: 'e6227de812b818f5a93f42cb0ee8cef7') in 0.140479 seconds 
  Import took 0.157647 seconds .

========================================================================
Received Import Request.
  Time since last request: 0.000235 seconds.
  path: Assets/OBIEKTY/LĄD LAS 2.prefab
  artifactKey: Guid(d28b559cbfb66fe45bcfc616c895bc5c) Importer(815301076,1909f56bfc062723c751e8b465ee728b)
Start importing Assets/OBIEKTY/LĄD LAS 2.prefab using Guid(d28b559cbfb66fe45bcfc616c895bc5c) Importer(815301076,1909f56bfc062723c751e8b465ee728b)  -> (artifact id: '20dbeebed01dc861782ea2ef204ef127') in 0.202273 seconds 
  Import took 0.224444 seconds .

========================================================================
Received Import Request.
  Time since last request: 2.035440 seconds.
  path: Assets/OBIEKTY/DRZEWO1.prefab
  artifactKey: Guid(7edadc7e9cacbaa4fb34545163288751) Importer(815301076,1909f56bfc062723c751e8b465ee728b)
Start importing Assets/OBIEKTY/DRZEWO1.prefab using Guid(7edadc7e9cacbaa4fb34545163288751) Importer(815301076,1909f56bfc062723c751e8b465ee728b)  -> (artifact id: '1fd97a5fd6cd4339b89946e1732617ea') in 0.012506 seconds 
  Import took 0.015723 seconds .

========================================================================
Received Import Request.
  Time since last request: 0.000252 seconds.
  path: Assets/OBIEKTY/LĄD ŁĄKA .prefab
  artifactKey: Guid(8102e13127f811443b62b4056208eabf) Importer(815301076,1909f56bfc062723c751e8b465ee728b)
Start importing Assets/OBIEKTY/LĄD ŁĄKA .prefab using Guid(8102e13127f811443b62b4056208eabf) Importer(815301076,1909f56bfc062723c751e8b465ee728b)  -> (artifact id: '274e4b1f06b6a7b58b0019f2b1af3219') in 0.092005 seconds 
  Import took 0.104493 seconds .

========================================================================
Received Import Request.
  Time since last request: 0.000236 seconds.
  path: Assets/OBIEKTY/LĄD LAS.prefab
  artifactKey: Guid(7c7625f58128cd44cafe150d44d039f5) Importer(815301076,1909f56bfc062723c751e8b465ee728b)
Start importing Assets/OBIEKTY/LĄD LAS.prefab using Guid(7c7625f58128cd44cafe150d44d039f5) Importer(815301076,1909f56bfc062723c751e8b465ee728b)  -> (artifact id: '1e66325054b0017d96d3050da1d2e99d') in 0.155693 seconds 
  Import took 0.173058 seconds .

========================================================================
Received Import Request.
  Time since last request: 0.000209 seconds.
  path: Assets/OBIEKTY/LĄD LAS 2.prefab
  artifactKey: Guid(d28b559cbfb66fe45bcfc616c895bc5c) Importer(815301076,1909f56bfc062723c751e8b465ee728b)
Start importing Assets/OBIEKTY/LĄD LAS 2.prefab using Guid(d28b559cbfb66fe45bcfc616c895bc5c) Importer(815301076,1909f56bfc062723c751e8b465ee728b)  -> (artifact id: '6201a96a8c15f1d5f9707caeabcdcde0') in 0.232467 seconds 
  Import took 0.257831 seconds .

========================================================================
Received Import Request.
  Time since last request: 6.836627 seconds.
  path: Assets/OBIEKTY/DRZEWO1.prefab
  artifactKey: Guid(7edadc7e9cacbaa4fb34545163288751) Importer(815301076,1909f56bfc062723c751e8b465ee728b)
Start importing Assets/OBIEKTY/DRZEWO1.prefab using Guid(7edadc7e9cacbaa4fb34545163288751) Importer(815301076,1909f56bfc062723c751e8b465ee728b)  -> (artifact id: '8b0d2329e1b795e7e5fe8a36b1dbc869') in 0.013136 seconds 
  Import took 0.015949 seconds .

========================================================================
Received Import Request.
  Time since last request: 0.000268 seconds.
  path: Assets/OBIEKTY/LĄD ŁĄKA .prefab
  artifactKey: Guid(8102e13127f811443b62b4056208eabf) Importer(815301076,1909f56bfc062723c751e8b465ee728b)
Start importing Assets/OBIEKTY/LĄD ŁĄKA .prefab using Guid(8102e13127f811443b62b4056208eabf) Importer(815301076,1909f56bfc062723c751e8b465ee728b)  -> (artifact id: '2ec0ec00c2ecd23fbac2b093f62b6e43') in 0.096424 seconds 
  Import took 0.109739 seconds .

========================================================================
Received Import Request.
  Time since last request: 0.000226 seconds.
  path: Assets/OBIEKTY/LĄD LAS.prefab
  artifactKey: Guid(7c7625f58128cd44cafe150d44d039f5) Importer(815301076,1909f56bfc062723c751e8b465ee728b)
Start importing Assets/OBIEKTY/LĄD LAS.prefab using Guid(7c7625f58128cd44cafe150d44d039f5) Importer(815301076,1909f56bfc062723c751e8b465ee728b)  -> (artifact id: 'fa759d4069b13814573f031d5531858a') in 0.158313 seconds 
  Import took 0.177413 seconds .

========================================================================
Received Import Request.
  Time since last request: 0.000219 seconds.
  path: Assets/OBIEKTY/LĄD LAS 2.prefab
  artifactKey: Guid(d28b559cbfb66fe45bcfc616c895bc5c) Importer(815301076,1909f56bfc062723c751e8b465ee728b)
Start importing Assets/OBIEKTY/LĄD LAS 2.prefab using Guid(d28b559cbfb66fe45bcfc616c895bc5c) Importer(815301076,1909f56bfc062723c751e8b465ee728b)  -> (artifact id: 'c6332b5d11b07dc7c5d62340bfc1efb2') in 0.237044 seconds 
  Import took 0.263215 seconds .

========================================================================
Received Import Request.
  Time since last request: 2.577342 seconds.
  path: Assets/OBIEKTY/DRZEWO1.prefab
  artifactKey: Guid(7edadc7e9cacbaa4fb34545163288751) Importer(815301076,1909f56bfc062723c751e8b465ee728b)
Start importing Assets/OBIEKTY/DRZEWO1.prefab using Guid(7edadc7e9cacbaa4fb34545163288751) Importer(815301076,1909f56bfc062723c751e8b465ee728b)  -> (artifact id: '9b8585ead1dda48f58aeaa0bcc56de45') in 0.017221 seconds 
  Import took 0.020446 seconds .

========================================================================
Received Import Request.
  Time since last request: 0.000206 seconds.
  path: Assets/OBIEKTY/LĄD ŁĄKA .prefab
  artifactKey: Guid(8102e13127f811443b62b4056208eabf) Importer(815301076,1909f56bfc062723c751e8b465ee728b)
Start importing Assets/OBIEKTY/LĄD ŁĄKA .prefab using Guid(8102e13127f811443b62b4056208eabf) Importer(815301076,1909f56bfc062723c751e8b465ee728b)  -> (artifact id: '4e9af100beb59c29d4580cb392f026d5') in 0.092236 seconds 
  Import took 0.104285 seconds .

========================================================================
Received Import Request.
  Time since last request: 0.000204 seconds.
  path: Assets/OBIEKTY/LĄD LAS.prefab
  artifactKey: Guid(7c7625f58128cd44cafe150d44d039f5) Importer(815301076,1909f56bfc062723c751e8b465ee728b)
Start importing Assets/OBIEKTY/LĄD LAS.prefab using Guid(7c7625f58128cd44cafe150d44d039f5) Importer(815301076,1909f56bfc062723c751e8b465ee728b)  -> (artifact id: '86d3f77c5657cd7cf135bbce8b7b65a8') in 0.152268 seconds 
  Import took 0.169568 seconds .

========================================================================
Received Import Request.
  Time since last request: 0.000217 seconds.
  path: Assets/OBIEKTY/LĄD LAS 2.prefab
  artifactKey: Guid(d28b559cbfb66fe45bcfc616c895bc5c) Importer(815301076,1909f56bfc062723c751e8b465ee728b)
Start importing Assets/OBIEKTY/LĄD LAS 2.prefab using Guid(d28b559cbfb66fe45bcfc616c895bc5c) Importer(815301076,1909f56bfc062723c751e8b465ee728b)  -> (artifact id: '91092681e29243205e488f8ad04ed849') in 0.216364 seconds 
  Import took 0.245077 seconds .

AssetImportWorkerClient::OnTransportError - code=2 error=End of file
